#
# A fatal error has been detected by the Java Runtime Environment:
#
#  EXCEPTION_ACCESS_VIOLATION (0xc0000005) at pc=0x0000000062698ad5, pid=16564, tid=16528
#
# JRE version: Java(TM) SE Runtime Environment (8.0_73-b02) (build 1.8.0_73-b02)
# Java VM: Java HotSpot(TM) 64-Bit Server VM (25.73-b02 mixed mode windows-amd64 compressed oops)
# Problematic frame:
# V  [jvm.dll+0x128ad5]
#
# Failed to write core dump. Minidumps are not enabled by default on client versions of Windows
#
# If you would like to submit a bug report, please visit:
#   http://bugreport.java.com/bugreport/crash.jsp
#

---------------  T H R E A D  ---------------

Current thread (0x000000001b97e000):  JavaThread "JDWP Transport Listener: dt_socket" daemon [_thread_in_vm, id=16528, stack(0x000000001cfe0000,0x000000001d0e0000)]

siginfo: ExceptionCode=0xc0000005, reading address 0xffffffffffffffff

Registers:
RAX=0x000000001d0df801, RBX=0x000000001b97e000, RCX=0x006f006f0067005c, RDX=0x0000000000000000
RSP=0x000000001d0df810, RBP=0x006f006f0067005c, RSI=0x000000001d0df928, RDI=0x0000000002ae89e0
R8 =0x000000001b97e000, R9 =0x0000000000008000, R10=0x000000001bc6f080, R11=0x000000001dd65a48
R12=0x0000000000000000, R13=0x000000001a29e3c8, R14=0x0000000000000000, R15=0x0000000000000000
RIP=0x0000000062698ad5, EFLAGS=0x0000000000010206

Top of Stack: (sp=0x000000001d0df810)
0x000000001d0df810:   000000001b97e000 0000000002903610
0x000000001d0df820:   000000001d0df8d8 000000006289e34b
0x000000001d0df830:   000000001b97e000 00000000628babad
0x000000001d0df840:   0000000000000000 00000000649a9155
0x000000001d0df850:   000000001dfd1b60 00000000649b291e
0x000000001d0df860:   000000001b97e000 0000000000000000
0x000000001d0df870:   0000000000000000 0000000000000000
0x000000001d0df880:   006f006f0067005c 00000000649b1a15
0x000000001d0df890:   000000001d0df928 000000001d0df900
0x000000001d0df8a0:   0000000000000001 000000001dfd1b60
0x000000001d0df8b0:   006f006f0067005c 00000000649953b3
0x000000001d0df8c0:   000000001d0df9f0 0000000000000001
0x000000001d0df8d0:   0000000000000001 000000001dfd1b60
0x000000001d0df8e0:   0000000000000002 0000000000000000
0x000000001d0df8f0:   0000000000000000 0000000000000000
0x000000001d0df900:   0000000000000001 0000000064995571 

Instructions: (pc=0x0000000062698ad5)
0x0000000062698ab5:   cc cc cc cc cc cc cc cc cc cc cc 48 83 ec 28 48
0x0000000062698ac5:   85 c9 75 07 33 c0 48 83 c4 28 c3 48 89 5c 24 20
0x0000000062698ad5:   48 8b 19 48 85 db 74 20 48 83 fb 37 74 1a 48 8b
0x0000000062698ae5:   13 48 8b cb ff 52 10 84 c0 74 0d 48 8b c3 48 8b 


Register to memory mapping:

RAX=0x000000001d0df801 is pointing into the stack for thread: 0x000000001b97e000
RBX=0x000000001b97e000 is a thread
RCX=0x006f006f0067005c is an unknown value
RDX=0x0000000000000000 is an unknown value
RSP=0x000000001d0df810 is pointing into the stack for thread: 0x000000001b97e000
RBP=0x006f006f0067005c is an unknown value
RSI=0x000000001d0df928 is pointing into the stack for thread: 0x000000001b97e000
RDI=0x0000000002ae89e0 is an unknown value
R8 =0x000000001b97e000 is a thread
R9 =0x0000000000008000 is an unknown value
R10=0x000000001bc6f080 is an unknown value
R11=0x000000001dd65a48 is an unknown value
R12=0x0000000000000000 is an unknown value
R13=0x000000001a29e3c8 is an unknown value
R14=0x0000000000000000 is an unknown value
R15=0x0000000000000000 is an unknown value


Stack: [0x000000001cfe0000,0x000000001d0e0000],  sp=0x000000001d0df810,  free space=1022k
Native frames: (J=compiled Java code, j=interpreted, Vv=VM code, C=native code)
V  [jvm.dll+0x128ad5]
V  [jvm.dll+0x34abad]
C  [jdwp.dll+0x21a15]
C  [jdwp.dll+0x53b3]
C  [jdwp.dll+0x5571]
C  [jdwp.dll+0xf0a8]
C  [jdwp.dll+0x1f2d5]
C  [jdwp.dll+0x1f4aa]
V  [jvm.dll+0x1bbb58]
V  [jvm.dll+0x243234]
V  [jvm.dll+0x29a10a]
C  [msvcr100.dll+0x21d9f]
C  [msvcr100.dll+0x21e3b]
C  [KERNEL32.DLL+0x12774]
C  [ntdll.dll+0x70d61]


---------------  P R O C E S S  ---------------

Java Threads: ( => current thread )
  0x000000001df17000 JavaThread "ActiveMQ InactivityMonitor Worker" daemon [_thread_blocked, id=6772, stack(0x000000001f490000,0x000000001f590000)]
  0x000000001df12800 JavaThread "DestroyJavaVM" [_thread_blocked, id=17324, stack(0x00000000027e0000,0x00000000028e0000)]
  0x000000001df7e800 JavaThread "pool-1-thread-2" [_thread_blocked, id=17384, stack(0x000000001eb90000,0x000000001ec90000)]
  0x000000001dfab000 JavaThread "pool-1-thread-1" [_thread_blocked, id=17192, stack(0x000000001ea90000,0x000000001eb90000)]
  0x000000001deb0000 JavaThread "ActiveMQ InactivityMonitor WriteCheckTimer" daemon [_thread_blocked, id=16992, stack(0x000000001e890000,0x000000001e990000)]
  0x000000001deaf000 JavaThread "ActiveMQ InactivityMonitor ReadCheckTimer" daemon [_thread_blocked, id=1028, stack(0x000000001e690000,0x000000001e790000)]
  0x000000001dcd9000 JavaThread "ActiveMQ Transport: tcp://localhost/127.0.0.1:61616@50864" [_thread_in_native, id=16704, stack(0x000000001e590000,0x000000001e690000)]
  0x000000001ba56800 JavaThread "Service Thread" daemon [_thread_blocked, id=16464, stack(0x000000001da90000,0x000000001db90000)]
  0x000000001b9a2000 JavaThread "C1 CompilerThread3" daemon [_thread_blocked, id=16540, stack(0x000000001d990000,0x000000001da90000)]
  0x000000001b99f000 JavaThread "C2 CompilerThread2" daemon [_thread_blocked, id=16516, stack(0x000000001d890000,0x000000001d990000)]
  0x000000001b99d800 JavaThread "C2 CompilerThread1" daemon [_thread_blocked, id=16532, stack(0x000000001d790000,0x000000001d890000)]
  0x000000001b997800 JavaThread "C2 CompilerThread0" daemon [_thread_blocked, id=16556, stack(0x000000001d690000,0x000000001d790000)]
  0x000000001b98c000 JavaThread "JDWP Command Reader" daemon [_thread_in_native, id=16460, stack(0x000000001d590000,0x000000001d690000)]
  0x000000001b988800 JavaThread "JDWP Event Helper Thread" daemon [_thread_blocked, id=16512, stack(0x000000001d490000,0x000000001d590000)]
=>0x000000001b97e000 JavaThread "JDWP Transport Listener: dt_socket" daemon [_thread_in_vm, id=16528, stack(0x000000001cfe0000,0x000000001d0e0000)]
  0x000000001b977000 JavaThread "Attach Listener" daemon [_thread_blocked, id=16500, stack(0x000000001cee0000,0x000000001cfe0000)]
  0x000000001b974800 JavaThread "Signal Dispatcher" daemon [_thread_blocked, id=16456, stack(0x000000001cde0000,0x000000001cee0000)]
  0x00000000029fe000 JavaThread "Finalizer" daemon [_thread_blocked, id=17360, stack(0x000000001cbc0000,0x000000001ccc0000)]
  0x000000001a28d800 JavaThread "Reference Handler" daemon [_thread_blocked, id=17268, stack(0x000000001cac0000,0x000000001cbc0000)]

Other Threads:
  0x000000001b942800 VMThread [stack: 0x000000001c9c0000,0x000000001cac0000] [id=17260]
  0x000000001ba5b800 WatcherThread [stack: 0x000000001db90000,0x000000001dc90000] [id=16468]

VM state:not at safepoint (normal execution)

VM Mutex/Monitor currently owned by a thread: None

Heap:
 PSYoungGen      total 57344K, used 35184K [0x0000000780100000, 0x0000000784100000, 0x00000007c0000000)
  eden space 49152K, 71% used [0x0000000780100000,0x000000078235c260,0x0000000783100000)
  from space 8192K, 0% used [0x0000000783900000,0x0000000783900000,0x0000000784100000)
  to   space 8192K, 0% used [0x0000000783100000,0x0000000783100000,0x0000000783900000)
 ParOldGen       total 131072K, used 0K [0x0000000700200000, 0x0000000708200000, 0x0000000780100000)
  object space 131072K, 0% used [0x0000000700200000,0x0000000700200000,0x0000000708200000)
 Metaspace       used 10163K, capacity 10486K, committed 10752K, reserved 1058816K
  class space    used 1184K, capacity 1235K, committed 1280K, reserved 1048576K

Card table byte_map: [0x0000000011eb0000,0x00000000124b0000] byte_map_base: 0x000000000e6af000

Marking Bits: (ParMarkBitMap*) 0x0000000062d80600
 Begin Bits: [0x00000000132b0000, 0x00000000162a8000)
 End Bits:   [0x00000000162a8000, 0x00000000192a0000)

Polling page: 0x00000000005d0000

CodeCache: size=245760Kb used=2858Kb max_used=2858Kb free=242901Kb
 bounds [0x0000000002af0000, 0x0000000002dc0000, 0x0000000011af0000]
 total_blobs=1013 nmethods=689 adapters=246
 compilation: enabled

Compilation events (10 events):
Event: 50.630 Thread 0x000000001b9a2000  684       3       org.apache.activemq.openwire.v9.BaseCommandMarshaller::tightUnmarshal (37 bytes)
Event: 50.630 Thread 0x000000001b9a2000 nmethod 684 0x0000000002db8a10 code [0x0000000002db8ba0, 0x0000000002db91b8]
Event: 50.635 Thread 0x000000001b9a2000  685       3       java.lang.String::trim (77 bytes)
Event: 50.636 Thread 0x000000001b9a2000 nmethod 685 0x0000000002db8250 code [0x0000000002db83e0, 0x0000000002db88a8]
Event: 50.638 Thread 0x000000001b9a2000  686       1       org.apache.activemq.openwire.v9.BaseDataStreamMarshaller::tightMarshal1 (2 bytes)
Event: 50.639 Thread 0x000000001b9a2000 nmethod 686 0x0000000002dbad10 code [0x0000000002dbae60, 0x0000000002dbaf70]
Event: 50.639 Thread 0x000000001b9a2000  687       1       org.apache.activemq.command.MessageId::getProducerId (5 bytes)
Event: 50.639 Thread 0x000000001b9a2000 nmethod 687 0x0000000002dbafd0 code [0x0000000002dbb120, 0x0000000002dbb230]
Event: 90.531 Thread 0x000000001b9a2000  689       3       java.io.DataOutputStream::writeByte (14 bytes)
Event: 90.531 Thread 0x000000001b9a2000 nmethod 689 0x0000000002dbb610 code [0x0000000002dbb780, 0x0000000002dbba68]

GC Heap History (0 events):
No events

Deoptimization events (4 events):
Event: 0.717 Thread 0x0000000002903800 Uncommon trap: reason=unstable_if action=reinterpret pc=0x0000000002cfb158 method=java.lang.AbstractStringBuilder.append(Ljava/lang/String;)Ljava/lang/AbstractStringBuilder; @ 1
Event: 0.761 Thread 0x0000000002903800 Uncommon trap: reason=unstable_if action=reinterpret pc=0x0000000002d199c4 method=sun.misc.MetaIndex.mayContain(Ljava/lang/String;)Z @ 38
Event: 0.761 Thread 0x0000000002903800 Uncommon trap: reason=unstable_if action=reinterpret pc=0x0000000002cfffa8 method=sun.misc.MetaIndex.mayContain(Ljava/lang/String;)Z @ 38
Event: 0.762 Thread 0x0000000002903800 Uncommon trap: reason=unstable_if action=reinterpret pc=0x0000000002d3cc70 method=sun.net.www.ParseUtil.encodePath(Ljava/lang/String;Z)Ljava/lang/String; @ 109

Internal exceptions (10 events):
Event: 0.295 Thread 0x0000000002903800 Exception <a 'java/lang/NoClassDefFoundError': org/slf4j/impl/StaticLoggerBinder> (0x0000000780a28438) thrown at [D:\re\puppet\workspace\8-2-build-windows-amd64-cygwin\jdk8u73\6086\hotspot\src\share\vm\classfile\systemDictionary.cpp, line 199]
Event: 0.615 Thread 0x0000000002903800 Exception <a 'java/lang/NoSuchFieldError': method resolution failed> (0x00000007811c40c0) thrown at [D:\re\puppet\workspace\8-2-build-windows-amd64-cygwin\jdk8u73\6086\hotspot\src\share\vm\prims\methodHandles.cpp, line 1146]
Event: 0.619 Thread 0x0000000002903800 Exception <a 'java/lang/NoSuchFieldError': method resolution failed> (0x00000007811d1460) thrown at [D:\re\puppet\workspace\8-2-build-windows-amd64-cygwin\jdk8u73\6086\hotspot\src\share\vm\prims\methodHandles.cpp, line 1146]
Event: 0.717 Thread 0x0000000002903800 Implicit null exception at 0x0000000002cfad19 to 0x0000000002cfb141
Event: 28.685 Thread 0x000000001df7e800 Exception <a 'java/lang/ArrayIndexOutOfBoundsException': 18> (0x000000078155f0a0) thrown at [D:\re\puppet\workspace\8-2-build-windows-amd64-cygwin\jdk8u73\6086\hotspot\src\share\vm\interpreter\interpreterRuntime.cpp, line 366]
Event: 28.685 Thread 0x000000001df7e800 Exception <a 'java/lang/ArrayIndexOutOfBoundsException': 55> (0x000000078155fe10) thrown at [D:\re\puppet\workspace\8-2-build-windows-amd64-cygwin\jdk8u73\6086\hotspot\src\share\vm\interpreter\interpreterRuntime.cpp, line 366]
Event: 28.686 Thread 0x000000001df7e800 Exception <a 'java/lang/ArrayIndexOutOfBoundsException': 40> (0x0000000781560c80) thrown at [D:\re\puppet\workspace\8-2-build-windows-amd64-cygwin\jdk8u73\6086\hotspot\src\share\vm\interpreter\interpreterRuntime.cpp, line 366]
Event: 28.721 Thread 0x000000001df7e800 Exception <a 'java/lang/ArrayIndexOutOfBoundsException': 91> (0x0000000781eb3f88) thrown at [D:\re\puppet\workspace\8-2-build-windows-amd64-cygwin\jdk8u73\6086\hotspot\src\share\vm\interpreter\interpreterRuntime.cpp, line 366]
Event: 28.721 Thread 0x000000001df7e800 Exception <a 'java/lang/ArrayIndexOutOfBoundsException': 60> (0x0000000781eb5148) thrown at [D:\re\puppet\workspace\8-2-build-windows-amd64-cygwin\jdk8u73\6086\hotspot\src\share\vm\interpreter\interpreterRuntime.cpp, line 366]
Event: 28.759 Thread 0x000000001df7e800 Exception <a 'java/lang/ArrayIndexOutOfBoundsException'> (0x0000000781fddb08) thrown at [D:\re\puppet\workspace\8-2-build-windows-amd64-cygwin\jdk8u73\6086\hotspot\src\share\vm\runtime\sharedRuntime.cpp, line 605]

Events (10 events):
Event: 137.275 Executing VM operation: GetCurrentLocation
Event: 137.275 Executing VM operation: GetCurrentLocation done
Event: 137.275 Executing VM operation: EnterInterpOnlyMode
Event: 137.275 Executing VM operation: EnterInterpOnlyMode done
Event: 137.275 Executing VM operation: ChangeSingleStep
Event: 137.275 Executing VM operation: ChangeSingleStep done
Event: 137.275 Executing VM operation: ChangeSingleStep
Event: 137.275 Executing VM operation: ChangeSingleStep done
Event: 137.283 Executing VM operation: RedefineClasses
Event: 137.290 Executing VM operation: RedefineClasses done


Dynamic libraries:
0x00007ff69e8a0000 - 0x00007ff69e8d7000 	C:\Program Files\Java\jdk1.8.0_73\bin\javaw.exe
0x00007ffe965e0000 - 0x00007ffe967bb000 	C:\WINDOWS\SYSTEM32\ntdll.dll
0x00007ffe94080000 - 0x00007ffe9412e000 	C:\WINDOWS\System32\KERNEL32.DLL
0x00007ffe936c0000 - 0x00007ffe93909000 	C:\WINDOWS\System32\KERNELBASE.dll
0x00007ffe948c0000 - 0x00007ffe94961000 	C:\WINDOWS\System32\ADVAPI32.dll
0x00007ffe93b40000 - 0x00007ffe93bdd000 	C:\WINDOWS\System32\msvcrt.dll
0x00007ffe93d40000 - 0x00007ffe93d99000 	C:\WINDOWS\System32\sechost.dll
0x00007ffe94240000 - 0x00007ffe94365000 	C:\WINDOWS\System32\RPCRT4.dll
0x00007ffe93f20000 - 0x00007ffe9406a000 	C:\WINDOWS\System32\USER32.dll
0x00007ffe93440000 - 0x00007ffe9345e000 	C:\WINDOWS\System32\win32u.dll
0x00007ffe94510000 - 0x00007ffe94537000 	C:\WINDOWS\System32\GDI32.dll
0x00007ffe93910000 - 0x00007ffe93a99000 	C:\WINDOWS\System32\gdi32full.dll
0x00007ffe93aa0000 - 0x00007ffe93b3a000 	C:\WINDOWS\System32\msvcp_win.dll
0x00007ffe93460000 - 0x00007ffe93556000 	C:\WINDOWS\System32\ucrtbase.dll
0x00007ffe889d0000 - 0x00007ffe88c37000 	C:\WINDOWS\WinSxS\amd64_microsoft.windows.common-controls_6595b64144ccf1df_6.0.15063.0_none_108e4f62dfe5d999\COMCTL32.dll
0x00007ffe945c0000 - 0x00007ffe948b9000 	C:\WINDOWS\System32\combase.dll
0x00007ffe92b00000 - 0x00007ffe92b6a000 	C:\WINDOWS\System32\bcryptPrimitives.dll
0x00007ffe94b10000 - 0x00007ffe94b3d000 	C:\WINDOWS\System32\IMM32.DLL
0x0000000062e00000 - 0x0000000062ed2000 	C:\Program Files\Java\jdk1.8.0_73\jre\bin\msvcr100.dll
0x0000000062570000 - 0x0000000062e00000 	C:\Program Files\Java\jdk1.8.0_73\jre\bin\server\jvm.dll
0x00007ffe93d30000 - 0x00007ffe93d38000 	C:\WINDOWS\System32\PSAPI.DLL
0x00007ffe7f640000 - 0x00007ffe7f649000 	C:\WINDOWS\SYSTEM32\WSOCK32.dll
0x00007ffe8fb00000 - 0x00007ffe8fb23000 	C:\WINDOWS\SYSTEM32\WINMM.dll
0x00007ffe8dee0000 - 0x00007ffe8deea000 	C:\WINDOWS\SYSTEM32\VERSION.dll
0x00007ffe93e50000 - 0x00007ffe93ebc000 	C:\WINDOWS\System32\WS2_32.dll
0x00007ffe8fad0000 - 0x00007ffe8fafb000 	C:\WINDOWS\SYSTEM32\winmmbase.dll
0x00007ffe93670000 - 0x00007ffe936b9000 	C:\WINDOWS\System32\cfgmgr32.dll
0x0000000062560000 - 0x000000006256f000 	C:\Program Files\Java\jdk1.8.0_73\jre\bin\verify.dll
0x0000000062530000 - 0x0000000062559000 	C:\Program Files\Java\jdk1.8.0_73\jre\bin\java.dll
0x0000000064990000 - 0x00000000649c5000 	C:\Program Files\Java\jdk1.8.0_73\jre\bin\jdwp.dll
0x0000000064980000 - 0x0000000064988000 	C:\Program Files\Java\jdk1.8.0_73\jre\bin\npt.dll
0x0000000062510000 - 0x0000000062526000 	C:\Program Files\Java\jdk1.8.0_73\jre\bin\zip.dll
0x00007ffe95190000 - 0x00007ffe965c7000 	C:\WINDOWS\System32\SHELL32.dll
0x00007ffe93da0000 - 0x00007ffe93e4a000 	C:\WINDOWS\System32\shcore.dll
0x00007ffe92b70000 - 0x00007ffe93262000 	C:\WINDOWS\System32\windows.storage.dll
0x00007ffe93ec0000 - 0x00007ffe93f11000 	C:\WINDOWS\System32\shlwapi.dll
0x00007ffe92ac0000 - 0x00007ffe92ad1000 	C:\WINDOWS\System32\kernel.appcore.dll
0x00007ffe92a70000 - 0x00007ffe92abc000 	C:\WINDOWS\System32\powrprof.dll
0x00007ffe92ae0000 - 0x00007ffe92af5000 	C:\WINDOWS\System32\profapi.dll
0x0000000064970000 - 0x0000000064979000 	C:\Program Files\Java\jdk1.8.0_73\jre\bin\dt_socket.dll
0x00007ffe71a20000 - 0x00007ffe71a36000 	C:\WINDOWS\system32\napinsp.dll
0x00007ffe71970000 - 0x00007ffe7198a000 	C:\WINDOWS\system32\pnrpnsp.dll
0x00007ffe8f880000 - 0x00007ffe8f898000 	C:\WINDOWS\system32\NLAapi.dll
0x00007ffe92360000 - 0x00007ffe923bc000 	C:\WINDOWS\System32\mswsock.dll
0x00007ffe92140000 - 0x00007ffe921e4000 	C:\WINDOWS\SYSTEM32\DNSAPI.dll
0x00007ffe965d0000 - 0x00007ffe965d8000 	C:\WINDOWS\System32\NSI.dll
0x00007ffe92100000 - 0x00007ffe92137000 	C:\WINDOWS\SYSTEM32\IPHLPAPI.DLL
0x00007ffe71a40000 - 0x00007ffe71a4e000 	C:\WINDOWS\System32\winrnr.dll
0x0000000064c00000 - 0x0000000064c35000 	C:\Program Files\Bonjour\mdnsNSP.dll
0x00007ffe87fe0000 - 0x00007ffe8804b000 	C:\WINDOWS\System32\fwpuclnt.dll
0x00007ffe92610000 - 0x00007ffe92635000 	C:\WINDOWS\SYSTEM32\bcrypt.dll
0x00007ffe86b30000 - 0x00007ffe86b3a000 	C:\Windows\System32\rasadhlp.dll
0x00000000624f0000 - 0x000000006250a000 	C:\Program Files\Java\jdk1.8.0_73\jre\bin\net.dll
0x00007ffe7f090000 - 0x00007ffe7f239000 	C:\WINDOWS\SYSTEM32\dbghelp.dll

VM Arguments:
jvm_args: -agentlib:jdwp=transport=dt_socket,suspend=y,address=localhost:50856 -Dfile.encoding=UTF-8 
java_command: ServiceImpl
java_class_path (initial): D:\Workspace\runtime-EclipseApplication\AvatarService\target\classes;C:\Users\Jonas\.m2\repository\com\github\mrharibo\micronet\model\0.0.1-SNAPSHOT\model-0.0.1-SNAPSHOT.jar;C:\Users\Jonas\.m2\repository\com\github\mrharibo\micronet\serialization\0.0.1-SNAPSHOT\serialization-0.0.1-SNAPSHOT.jar;C:\Users\Jonas\.m2\repository\com\google\code\gson\gson\2.8.0\gson-2.8.0.jar;C:\Users\Jonas\.m2\repository\com\github\mrharibo\micronet\database\0.0.1-SNAPSHOT\database-0.0.1-SNAPSHOT.jar;C:\Users\Jonas\.m2\repository\org\postgresql\postgresql\42.0.0\postgresql-42.0.0.jar;C:\Users\Jonas\.m2\repository\com\github\mrharibo\micronet\network\0.0.1-SNAPSHOT\network-0.0.1-SNAPSHOT.jar;C:\Users\Jonas\.m2\repository\org\apache\activemq\activemq-core\5.7.0\activemq-core-5.7.0.jar;C:\Users\Jonas\.m2\repository\org\slf4j\slf4j-api\1.6.6\slf4j-api-1.6.6.jar;C:\Users\Jonas\.m2\repository\org\apache\geronimo\specs\geronimo-jms_1.1_spec\1.1.1\geronimo-jms_1.1_spec-1.1.1.jar;C:\Users\Jonas\.m2\repository\org\apache\activemq\kahadb\5.7.0\kahadb-5.7.0.jar;C:\Users\Jonas\.m2\repository\org\apache\activemq\protobuf\activemq-protobuf\1.1\activemq-protobuf-1.1.jar;C:\Users\Jonas\.m2\repository\org\fusesource\mqtt-client\mqtt-client\1.3\mqtt-client-1.3.jar;C:\Users\Jonas\.m2\repository\org\fusesource\hawtdispatch\hawtdispatch-transport\1.11\hawtdispatch-transport-1.11.jar;C:\Users\Jonas\.m2\repository\org\fusesource\hawtdispatch\hawtdispatch\1.11\hawtdispatch-1.11.jar;C:\Users\Jonas\.m2\repository\org\fusesource\hawtbuf\hawtbuf\1.9\hawtbuf-1.9.jar;C:\Users\Jonas\.m2\repository\org\apache\geronimo\specs\geronimo-j2ee-management_1.1_spec\1.0.1\geronimo-j2ee-management_1.1_spec-1.0.1.jar;C:\Users\Jonas\.m2\repository\org\springframework\spring-context\3.0.7.RELEASE\spring-context-3.0.7.RELEASE.jar;C:\Users\Jonas\.m2\repository\org\springframework\spring-aop\3.0.7.RELEASE\spring-aop-3.0.7.RELEASE.jar;C:\Users\Jonas\.m2\repository\aopalliance\aopalliance\1.0\aopalliance-1.0.j
Launcher Type: SUN_STANDARD

Environment Variables:
JAVA_HOME=C:\Program Files\Java\jdk1.8.0_73
PATH=C:\Program Files\Java\jdk1.8.0_73\jre\bin;C:/Program Files/Java/jre1.8.0_131/bin/server;C:/Program Files/Java/jre1.8.0_131/bin;C:/Program Files/Java/jre1.8.0_131/lib/amd64;C:\Program Files\Docker\Docker\Resources\bin;C:\ProgramData\Oracle\Java\javapath;C:\WINDOWS\system32;C:\WINDOWS;C:\WINDOWS\System32\Wbem;C:\WINDOWS\System32\WindowsPowerShell\v1.0\;C:\Program Files (x86)\NVIDIA Corporation\PhysX\Common;C:\Users\Jonas\.dnx\bin;C:\Program Files\Microsoft DNX\Dnvm\;C:\Program Files (x86)\GtkSharp\2.12\bin;D:\apache-maven-3.3.9\bin;C:\Program Files\Git\cmd;C:\Program Files\Java\jdk1.8.0_73\bin;C:\Program Files (x86)\Windows Kits\8.1\Windows Performance Toolkit\;C:\Program Files\CMake\bin;C:\Program Files\dotnet\;C:\WINDOWS\system32;C:\WINDOWS;C:\WINDOWS\System32\Wbem;C:\WINDOWS\System32\WindowsPowerShell\v1.0\;C:\Program Files\PuTTY\;C:\Program Files (x86)\Skype\Phone\;D:\GnuPG\pub;C:\Program Files\MiKTeX 2.9\miktex\bin\x64\;D:\Workspace\kompose;D:\Workspace\curl\curl-7.54.0-win64-mingw\bin;D:\kubernetes;C:\Users\Jonas\AppData\Local\Microsoft\WindowsApps;D:\eclipseNeon;
USERNAME=Jonas
OS=Windows_NT
PROCESSOR_IDENTIFIER=Intel64 Family 6 Model 44 Stepping 2, GenuineIntel



---------------  S Y S T E M  ---------------

OS: Windows 10.0 , 64 bit Build 15063 (10.0.15063.0)

CPU:total 12 (6 cores per cpu, 2 threads per core) family 6 model 44 stepping 2, cmov, cx8, fxsr, mmx, sse, sse2, sse3, ssse3, sse4.1, sse4.2, popcnt, aes, clmul, ht, tsc, tscinvbit, tscinv

Memory: 4k page, physical 12573808k(3828828k free), swap 18206360k(1949004k free)

vm_info: Java HotSpot(TM) 64-Bit Server VM (25.73-b02) for windows-amd64 JRE (1.8.0_73-b02), built on Jan 29 2016 17:38:49 by "java_re" with MS VC++ 10.0 (VS2010)

time: Thu May 04 14:43:30 2017
elapsed time: 137 seconds (0d 0h 2m 17s)

